[coderthemes.com/hyper_2/saas/layouts-horizontal.html]
[backblue.gif]
[fade.gif]
[index.html]
[coderthemes.com/hyper_2/saas/assets/images/favicon.ico]
[coderthemes.com/hyper_2/saas/assets/vendor/daterangepicker/daterangepicker.css]
[coderthemes.com/hyper_2/saas/assets/vendor/jsvectormap/css/jsvectormap.min.css]
[coderthemes.com/hyper_2/saas/assets/js/hyper-config.js]
[coderthemes.com/hyper_2/saas/assets/css/app-saas.min.css]
[coderthemes.com/hyper_2/saas/index.html]
[coderthemes.com/hyper_2/saas/assets/css/icons.min.css]
[coderthemes.com/hyper_2/saas/assets/images/logo.png]
[coderthemes.com/hyper_2/saas/assets/images/logo-sm.png]
[coderthemes.com/hyper_2/saas/assets/images/logo-dark.png]
[coderthemes.com/hyper_2/saas/assets/images/logo-dark-sm.png]
[coderthemes.com/hyper_2/saas/assets/images/users/avatar-2.jpg]
[coderthemes.com/hyper_2/saas/assets/images/users/avatar-5.jpg]
[coderthemes.com/hyper_2/saas/assets/images/flags/us.jpg]
[coderthemes.com/hyper_2/saas/assets/images/flags/germany.jpg]
[coderthemes.com/hyper_2/saas/assets/images/flags/italy.jpg]
[coderthemes.com/hyper_2/saas/assets/images/flags/spain.jpg]
[coderthemes.com/hyper_2/saas/assets/images/flags/russia.jpg]
[coderthemes.com/hyper_2/saas/assets/images/users/avatar-4.jpg]
[coderthemes.com/hyper_2/saas/assets/images/brands/slack.png]
[coderthemes.com/hyper_2/saas/assets/images/brands/github.png]
[coderthemes.com/hyper_2/saas/assets/images/brands/dribbble.png]
[coderthemes.com/hyper_2/saas/assets/images/brands/bitbucket.png]
[coderthemes.com/hyper_2/saas/assets/images/brands/dropbox.png]
[coderthemes.com/hyper_2/saas/assets/images/brands/g-suite.png]
[coderthemes.com/hyper_2/saas/assets/images/users/avatar-1.jpg]
[coderthemes.com/hyper_2/saas/dashboard-analytics.html]
[coderthemes.com/hyper_2/saas/dashboard-projects.html]
[coderthemes.com/hyper_2/saas/dashboard-crm.html]
[coderthemes.com/hyper_2/saas/dashboard-wallet.html]
[coderthemes.com/hyper_2/saas/apps-calendar.html]
[coderthemes.com/hyper_2/saas/apps-chat.html]
[coderthemes.com/hyper_2/saas/crm-projects.html]
[coderthemes.com/hyper_2/saas/crm-orders-list.html]
[coderthemes.com/hyper_2/saas/crm-clients.html]
[coderthemes.com/hyper_2/saas/crm-management.html]
[coderthemes.com/hyper_2/saas/apps-ecommerce-products.html]
[coderthemes.com/hyper_2/saas/apps-ecommerce-products-details.html]
[coderthemes.com/hyper_2/saas/apps-ecommerce-orders.html]
[coderthemes.com/hyper_2/saas/apps-ecommerce-orders-details.html]
[coderthemes.com/hyper_2/saas/apps-ecommerce-customers.html]
[coderthemes.com/hyper_2/saas/apps-ecommerce-shopping-cart.html]
[coderthemes.com/hyper_2/saas/apps-ecommerce-checkout.html]
[coderthemes.com/hyper_2/saas/apps-ecommerce-sellers.html]
[coderthemes.com/hyper_2/saas/apps-email-inbox.html]
[coderthemes.com/hyper_2/saas/apps-email-read.html]
[coderthemes.com/hyper_2/saas/apps-projects-list.html]
[coderthemes.com/hyper_2/saas/apps-projects-details.html]
[coderthemes.com/hyper_2/saas/apps-projects-gantt.html]
[coderthemes.com/hyper_2/saas/apps-projects-add.html]
[coderthemes.com/hyper_2/saas/apps-social-feed.html]
[coderthemes.com/hyper_2/saas/apps-tasks.html]
[coderthemes.com/hyper_2/saas/apps-tasks-details.html]
[coderthemes.com/hyper_2/saas/apps-kanban.html]
[coderthemes.com/hyper_2/saas/apps-file-manager.html]
[coderthemes.com/hyper_2/saas/pages-login.html]
[coderthemes.com/hyper_2/saas/pages-login-2.html]
[coderthemes.com/hyper_2/saas/pages-register.html]
[coderthemes.com/hyper_2/saas/pages-register-2.html]
[coderthemes.com/hyper_2/saas/pages-logout.html]
[coderthemes.com/hyper_2/saas/pages-logout-2.html]
[coderthemes.com/hyper_2/saas/pages-recoverpw.html]
[coderthemes.com/hyper_2/saas/pages-recoverpw-2.html]
[coderthemes.com/hyper_2/saas/pages-lock-screen.html]
[coderthemes.com/hyper_2/saas/pages-lock-screen-2.html]
[coderthemes.com/hyper_2/saas/pages-confirm-mail.html]
[coderthemes.com/hyper_2/saas/pages-confirm-mail-2.html]
[coderthemes.com/hyper_2/saas/pages-404.html]
[coderthemes.com/hyper_2/saas/pages-404-alt.html]
[coderthemes.com/hyper_2/saas/pages-500.html]
[coderthemes.com/hyper_2/saas/pages-starter.html]
[coderthemes.com/hyper_2/saas/pages-preloader.html]
[coderthemes.com/hyper_2/saas/pages-profile.html]
[coderthemes.com/hyper_2/saas/pages-profile-2.html]
[coderthemes.com/hyper_2/saas/pages-invoice.html]
[coderthemes.com/hyper_2/saas/pages-faq.html]
[coderthemes.com/hyper_2/saas/pages-pricing.html]
[coderthemes.com/hyper_2/saas/pages-maintenance.html]
[coderthemes.com/hyper_2/saas/pages-timeline.html]
[coderthemes.com/hyper_2/saas/landing.html]
[coderthemes.com/hyper_2/saas/widgets.html]
[coderthemes.com/hyper_2/saas/ui-accordions.html]
[coderthemes.com/hyper_2/saas/ui-alerts.html]
[coderthemes.com/hyper_2/saas/ui-avatars.html]
[coderthemes.com/hyper_2/saas/ui-badges.html]
[coderthemes.com/hyper_2/saas/ui-breadcrumb.html]
[coderthemes.com/hyper_2/saas/ui-buttons.html]
[coderthemes.com/hyper_2/saas/ui-cards.html]
[coderthemes.com/hyper_2/saas/ui-carousel.html]
[coderthemes.com/hyper_2/saas/ui-dropdowns.html]
[coderthemes.com/hyper_2/saas/ui-embed-video.html]
[coderthemes.com/hyper_2/saas/ui-grid.html]
[coderthemes.com/hyper_2/saas/ui-list-group.html]
[coderthemes.com/hyper_2/saas/ui-modals.html]
[coderthemes.com/hyper_2/saas/ui-notifications.html]
[coderthemes.com/hyper_2/saas/ui-offcanvas.html]
[coderthemes.com/hyper_2/saas/ui-placeholders.html]
[coderthemes.com/hyper_2/saas/ui-pagination.html]
[coderthemes.com/hyper_2/saas/ui-popovers.html]
[coderthemes.com/hyper_2/saas/ui-progress.html]
[coderthemes.com/hyper_2/saas/ui-ribbons.html]
[coderthemes.com/hyper_2/saas/ui-spinners.html]
[coderthemes.com/hyper_2/saas/ui-tabs.html]
[coderthemes.com/hyper_2/saas/ui-tooltips.html]
[coderthemes.com/hyper_2/saas/ui-links.html]
[coderthemes.com/hyper_2/saas/ui-typography.html]
[coderthemes.com/hyper_2/saas/ui-utilities.html]
[coderthemes.com/hyper_2/saas/extended-dragula.html]
[coderthemes.com/hyper_2/saas/extended-range-slider.html]
[coderthemes.com/hyper_2/saas/extended-ratings.html]
[coderthemes.com/hyper_2/saas/extended-scrollbar.html]
[coderthemes.com/hyper_2/saas/extended-scrollspy.html]
[coderthemes.com/hyper_2/saas/extended-treeview.html]
[coderthemes.com/hyper_2/saas/form-elements.html]
[coderthemes.com/hyper_2/saas/form-advanced.html]
[coderthemes.com/hyper_2/saas/form-validation.html]
[coderthemes.com/hyper_2/saas/form-wizard.html]
[coderthemes.com/hyper_2/saas/form-fileuploads.html]
[coderthemes.com/hyper_2/saas/form-editors.html]
[coderthemes.com/hyper_2/saas/charts-chartjs-area.html]
[coderthemes.com/hyper_2/saas/charts-brite.html]
[coderthemes.com/hyper_2/saas/charts-apex-line.html]
[coderthemes.com/hyper_2/saas/charts-sparkline.html]
[coderthemes.com/hyper_2/saas/tables-basic.html]
[coderthemes.com/hyper_2/saas/icons-remixicons.html]
[coderthemes.com/hyper_2/saas/tables-datatable.html]
[coderthemes.com/hyper_2/saas/icons-mdi.html]
[coderthemes.com/hyper_2/saas/icons-unicons.html]
[coderthemes.com/hyper_2/saas/icons-lucide.html]
[coderthemes.com/hyper_2/saas/maps-google.html]
[coderthemes.com/hyper_2/saas/maps-vector.html]
[coderthemes.com/hyper_2/saas/layouts-detached.html]
[coderthemes.com/hyper_2/saas/layouts-full.html]
[coderthemes.com/hyper_2/saas/layouts-fullscreen.html]
[coderthemes.com/hyper_2/saas/layouts-hover.html]
[coderthemes.com/hyper_2/saas/layouts-compact.html]
[coderthemes.com/hyper_2/saas/layouts-icon-view.html]
[coderthemes.com/hyper_2/saas/assets/vendor/daterangepicker/moment.min.js]
[coderthemes.com/hyper_2/saas/assets/vendor/daterangepicker/daterangepicker.js]
[coderthemes.com/hyper_2/saas/assets/js/vendor.min.js]
[coderthemes.com/hyper_2/saas/assets/vendor/jsvectormap/js/jsvectormap.min.js]
[coderthemes.com/hyper_2/saas/assets/vendor/apexcharts/apexcharts.min.js]
[coderthemes.com/hyper_2/saas/assets/vendor/jsvectormap/maps/world-merc.js]
[coderthemes.com/hyper_2/saas/assets/vendor/jsvectormap/maps/world.js]
[coderthemes.com/hyper_2/saas/assets/js/pages/demo.dashboard.js]
[coderthemes.com/hyper_2/saas/assets/js/app.min.js]
[coderthemes.com/hyper_2/saas/layouts-horizontal.html]
[coderthemes.com/hyper_2/saas/assets/vendor/daterangepicker/daterangepicker.css]
[coderthemes.com/hyper_2/saas/assets/vendor/jsvectormap/css/jsvectormap.min.css]
[coderthemes.com/hyper_2/saas/assets/fonts/Nunito-Light.eot]
[coderthemes.com/hyper_2/saas/assets/fonts/Nunito-Lightd41d.eot]
[coderthemes.com/hyper_2/saas/assets/fonts/Nunito-Light.woff]
[coderthemes.com/hyper_2/saas/assets/fonts/Nunito-Light.ttf]
[coderthemes.com/hyper_2/saas/assets/fonts/Nunito-Regular.eot]
[coderthemes.com/hyper_2/saas/assets/fonts/Nunito-Regulard41d.eot]
[coderthemes.com/hyper_2/saas/assets/fonts/Nunito-Regular.woff]
[coderthemes.com/hyper_2/saas/assets/fonts/Nunito-Regular.ttf]
[coderthemes.com/hyper_2/saas/assets/fonts/Nunito-Medium.eot]
[coderthemes.com/hyper_2/saas/assets/fonts/Nunito-Mediumd41d.eot]
[coderthemes.com/hyper_2/saas/assets/fonts/Nunito-Medium.woff]
[coderthemes.com/hyper_2/saas/assets/fonts/Nunito-Medium.ttf]
[coderthemes.com/hyper_2/saas/assets/fonts/Nunito-SemiBold.eot]
[coderthemes.com/hyper_2/saas/assets/fonts/Nunito-SemiBoldd41d.eot]
[coderthemes.com/hyper_2/saas/assets/fonts/Nunito-SemiBold.woff]
[coderthemes.com/hyper_2/saas/assets/fonts/Nunito-SemiBold.ttf]
[coderthemes.com/hyper_2/saas/assets/fonts/Nunito-Bold.eot]
[coderthemes.com/hyper_2/saas/assets/fonts/Nunito-Boldd41d.eot]
[coderthemes.com/hyper_2/saas/assets/fonts/Nunito-Bold.woff]
[coderthemes.com/hyper_2/saas/assets/fonts/Nunito-Bold.ttf]
[coderthemes.com/hyper_2/saas/assets/images/waves.png]
[coderthemes.com/hyper_2/saas/assets/images/bg-pattern.png]
[coderthemes.com/hyper_2/saas/assets/images/bg-auth.jpg]
[coderthemes.com/hyper_2/saas/assets/images/treeview.png]
[coderthemes.com/hyper_2/saas/assets/css/app-saas.min.css]
[coderthemes.com/hyper_2/saas/assets/fonts/unicons8adf.eot]
[coderthemes.com/hyper_2/saas/assets/fonts/unicons8adf.woff2]
[coderthemes.com/hyper_2/saas/assets/fonts/unicons8adf.woff]
[coderthemes.com/hyper_2/saas/assets/fonts/unicons8adf.ttf]
[coderthemes.com/hyper_2/saas/assets/fonts/remixicon117c.eot]
[coderthemes.com/hyper_2/saas/assets/fonts/remixicon117c.woff2]
[coderthemes.com/hyper_2/saas/assets/fonts/remixicon117c.woff]
[coderthemes.com/hyper_2/saas/assets/fonts/remixicon117c.ttf]
[coderthemes.com/hyper_2/saas/assets/fonts/materialdesignicons-webfont1d2d.eot]
[coderthemes.com/hyper_2/saas/assets/fonts/materialdesignicons-webfontd41d.eot]
[coderthemes.com/hyper_2/saas/assets/fonts/materialdesignicons-webfont1d2d.woff2]
[coderthemes.com/hyper_2/saas/assets/fonts/materialdesignicons-webfont1d2d.woff]
[coderthemes.com/hyper_2/saas/assets/fonts/materialdesignicons-webfont1d2d.ttf]
[coderthemes.com/hyper_2/saas/assets/css/icons.min.css]
[coderthemes.com/hyper_2/saas/charts-apex-area.html]
[coderthemes.com/hyper_2/saas/charts-apex-bar.html]
[coderthemes.com/hyper_2/saas/charts-apex-bubble.html]
[coderthemes.com/hyper_2/saas/charts-apex-candlestick.html]
[coderthemes.com/hyper_2/saas/charts-apex-column.html]
[coderthemes.com/hyper_2/saas/charts-apex-heatmap.html]
[coderthemes.com/hyper_2/saas/charts-apex-mixed.html]
[coderthemes.com/hyper_2/saas/charts-apex-timeline.html]
[coderthemes.com/hyper_2/saas/charts-apex-boxplot.html]
[coderthemes.com/hyper_2/saas/charts-apex-treemap.html]
[coderthemes.com/hyper_2/saas/charts-apex-pie.html]
[coderthemes.com/hyper_2/saas/charts-apex-radar.html]
[coderthemes.com/hyper_2/saas/charts-apex-radialbar.html]
[coderthemes.com/hyper_2/saas/charts-apex-scatter.html]
[coderthemes.com/hyper_2/saas/charts-apex-polar-area.html]
[coderthemes.com/hyper_2/saas/charts-apex-sparklines.html]
[coderthemes.com/hyper_2/saas/charts-chartjs-bar.html]
[coderthemes.com/hyper_2/saas/charts-chartjs-line.html]
[coderthemes.com/hyper_2/saas/charts-chartjs-other.html]
[coderthemes.com/hyper_2/saas/index.html]
[coderthemes.com/hyper_2/saas/assets/vendor/chart.js/chart.min.js]
[coderthemes.com/hyper_2/saas/assets/js/pages/demo.dashboard-analytics.js]
[coderthemes.com/hyper_2/saas/dashboard-analytics.html]
[coderthemes.com/hyper_2/saas/assets/vendor/bootstrap-datepicker/css/bootstrap-datepicker.min.css]
[coderthemes.com/hyper_2/saas/assets/images/users/avatar-6.jpg]
[coderthemes.com/hyper_2/saas/assets/images/users/avatar-3.jpg]
[coderthemes.com/hyper_2/saas/assets/vendor/bootstrap-datepicker/js/bootstrap-datepicker.min.js]
[coderthemes.com/hyper_2/saas/assets/js/pages/demo.dashboard-projects.js]
[coderthemes.com/hyper_2/saas/dashboard-projects.html]
[coderthemes.com/hyper_2/saas/assets/js/ui/component.todo.js]
[coderthemes.com/hyper_2/saas/assets/js/pages/demo.crm-dashboard.js]
[coderthemes.com/hyper_2/saas/dashboard-crm.html]
[apexcharts.com/samples/assets/stock-prices.js]
[apexcharts.com/samples/assets/github-data.js]
[apexcharts.com/samples/assets/irregular-data-series.js]
[coderthemes.com/hyper_2/saas/assets/js/pages/demo.dashboard-wallet.js]
[coderthemes.com/hyper_2/saas/dashboard-wallet.html]
[coderthemes.com/hyper_2/saas/assets/js/pages/demo.calendar.js]
[coderthemes.com/hyper_2/saas/apps-calendar.html]
[coderthemes.com/hyper_2/saas/assets/vendor/fullcalendar/index.global.min.js]
[coderthemes.com/hyper_2/saas/assets/images/users/avatar-7.jpg]
[coderthemes.com/hyper_2/saas/assets/images/users/avatar-10.jpg]
[coderthemes.com/hyper_2/saas/assets/images/users/avatar-8.jpg]
[coderthemes.com/hyper_2/saas/apps-chat.html]
[coderthemes.com/hyper_2/saas/assets/vendor/select2/css/select2.min.css]
[coderthemes.com/hyper_2/saas/assets/vendor/select2/js/select2.min.js]
[coderthemes.com/hyper_2/saas/assets/js/pages/demo.crm-project.js]
[coderthemes.com/hyper_2/saas/crm-projects.html]
[coderthemes.com/hyper_2/saas/assets/images/users/avatar-9.jpg]
[coderthemes.com/hyper_2/saas/crm-orders-list.html]
[coderthemes.com/hyper_2/saas/crm-clients.html]
[coderthemes.com/hyper_2/saas/assets/js/pages/demo.crm-management.js]
[coderthemes.com/hyper_2/saas/crm-management.html]
[coderthemes.com/hyper_2/saas/assets/vendor/datatables.net-bs5/css/dataTables.bootstrap5.min.css]
[coderthemes.com/hyper_2/saas/assets/vendor/datatables.net-responsive-bs5/css/responsive.bootstrap5.min.css]
[coderthemes.com/hyper_2/saas/assets/images/products/product-1.jpg]
[coderthemes.com/hyper_2/saas/assets/images/products/product-4.jpg]
[coderthemes.com/hyper_2/saas/assets/images/products/product-3.jpg]
[coderthemes.com/hyper_2/saas/assets/images/products/product-5.jpg]
[coderthemes.com/hyper_2/saas/assets/images/products/product-6.jpg]
[coderthemes.com/hyper_2/saas/assets/images/products/product-2.jpg]
[coderthemes.com/hyper_2/saas/assets/vendor/datatables.net/js/jquery.dataTables.min.js]
[coderthemes.com/hyper_2/saas/assets/vendor/datatables.net-bs5/js/dataTables.bootstrap5.min.js]
[coderthemes.com/hyper_2/saas/assets/vendor/datatables.net-responsive/js/dataTables.responsive.min.js]
[coderthemes.com/hyper_2/saas/assets/vendor/datatables.net-responsive-bs5/js/responsive.bootstrap5.min.js]
[coderthemes.com/hyper_2/saas/assets/vendor/jquery-datatables-checkboxes/js/dataTables.checkboxes.min.js]
[coderthemes.com/hyper_2/saas/assets/js/pages/demo.products.js]
[coderthemes.com/hyper_2/saas/apps-ecommerce-products.html]
[coderthemes.com/hyper_2/saas/apps-ecommerce-products-details.html]
[coderthemes.com/hyper_2/saas/apps-ecommerce-orders.html]
[coderthemes.com/hyper_2/saas/apps-ecommerce-orders-details.html]
[coderthemes.com/hyper_2/saas/assets/js/pages/demo.customers.js]
[coderthemes.com/hyper_2/saas/apps-ecommerce-customers.html]
[coderthemes.com/hyper_2/saas/apps-ecommerce-shopping-cart.html]
[coderthemes.com/hyper_2/saas/assets/images/payments/paypal.png]
[coderthemes.com/hyper_2/saas/assets/images/payments/master.png]
[coderthemes.com/hyper_2/saas/assets/images/payments/discover.png]
[coderthemes.com/hyper_2/saas/assets/images/payments/visa.png]
[coderthemes.com/hyper_2/saas/assets/images/payments/stripe.png]
[coderthemes.com/hyper_2/saas/assets/images/payments/payoneer.png]
[coderthemes.com/hyper_2/saas/assets/images/payments/cod.png]
[coderthemes.com/hyper_2/saas/assets/vendor/jquery-mask-plugin/jquery.mask.min.js]
[coderthemes.com/hyper_2/saas/apps-ecommerce-checkout.html]
[coderthemes.com/hyper_2/saas/assets/js/pages/demo.sellers.js]
[coderthemes.com/hyper_2/saas/apps-ecommerce-sellers.html]
[coderthemes.com/hyper_2/saas/assets/vendor/simplemde/simplemde.min.css]
[coderthemes.com/hyper_2/saas/assets/js/pages/demo.inbox.js]
[coderthemes.com/hyper_2/saas/apps-email-inbox.html]
[coderthemes.com/hyper_2/saas/assets/vendor/simplemde/simplemde.min.js]
[coderthemes.com/hyper_2/saas/assets/images/projects/project-1.jpg]
[coderthemes.com/hyper_2/saas/apps-email-read.html]
[coderthemes.com/hyper_2/saas/assets/images/projects/project-2.jpg]
[coderthemes.com/hyper_2/saas/assets/images/projects/project-3.jpg]
[coderthemes.com/hyper_2/saas/assets/images/projects/project-4.jpg]
[coderthemes.com/hyper_2/saas/apps-projects-list.html]
[coderthemes.com/hyper_2/saas/assets/js/pages/demo.project-detail.js]
[coderthemes.com/hyper_2/saas/apps-projects-details.html]
[coderthemes.com/hyper_2/saas/assets/vendor/frappe-gantt/frappe-gantt.min.css]
[coderthemes.com/hyper_2/saas/assets/vendor/frappe-gantt/frappe-gantt.min.js]
[coderthemes.com/hyper_2/saas/assets/js/pages/demo.project-gantt.js]
[coderthemes.com/hyper_2/saas/apps-projects-gantt.html]
[coderthemes.com/hyper_2/saas/assets/vendor/dropzone/dropzone-min.js]
[coderthemes.com/hyper_2/saas/assets/js/ui/component.fileupload.js]
[coderthemes.com/hyper_2/saas/apps-projects-add.html]
[coderthemes.com/hyper_2/saas/assets/images/small/small-4.jpg]
[coderthemes.com/hyper_2/saas/assets/images/small/small-2.jpg]
[coderthemes.com/hyper_2/saas/assets/images/small/small-3.jpg]
[coderthemes.com/hyper_2/saas/apps-social-feed.html]
[coderthemes.com/hyper_2/saas/assets/vendor/quill/quill.core.css]
[coderthemes.com/hyper_2/saas/assets/vendor/quill/quill.bubble.css]
[coderthemes.com/hyper_2/saas/assets/vendor/quill/quill.snow.css]
[coderthemes.com/hyper_2/saas/assets/js/pages/demo.tasks.js]
[coderthemes.com/hyper_2/saas/apps-tasks.html]
[coderthemes.com/hyper_2/saas/apps-tasks-details.html]
[coderthemes.com/hyper_2/saas/assets/vendor/dragula/dragula.min.js]
[coderthemes.com/hyper_2/saas/assets/js/ui/component.dragula.js]
[coderthemes.com/hyper_2/saas/apps-kanban.html]
[coderthemes.com/hyper_2/saas/apps-file-manager.html]
[coderthemes.com/hyper_2/saas/pages-login.html]
[coderthemes.com/hyper_2/saas/pages-login-2.html]
[coderthemes.com/hyper_2/saas/pages-register.html]
[coderthemes.com/hyper_2/saas/pages-register-2.html]
[coderthemes.com/hyper_2/saas/pages-logout.html]
[coderthemes.com/hyper_2/saas/pages-logout-2.html]
[coderthemes.com/hyper_2/saas/pages-recoverpw.html]
[coderthemes.com/hyper_2/saas/pages-recoverpw-2.html]
[coderthemes.com/hyper_2/saas/pages-lock-screen.html]
[coderthemes.com/hyper_2/saas/pages-lock-screen-2.html]
[coderthemes.com/hyper_2/saas/pages-confirm-mail.html]
[coderthemes.com/hyper_2/saas/pages-confirm-mail-2.html]
[coderthemes.com/hyper_2/saas/pages-404.html]
[coderthemes.com/hyper_2/saas/pages-404-alt.html]
[coderthemes.com/hyper_2/saas/pages-500.html]
[coderthemes.com/hyper_2/saas/pages-starter.html]
[coderthemes.com/hyper_2/saas/pages-preloader.html]
[coderthemes.com/hyper_2/saas/assets/js/pages/demo.profile.js]
[coderthemes.com/hyper_2/saas/pages-profile.html]
[coderthemes.com/hyper_2/saas/assets/images/small/small-1.jpg]
[coderthemes.com/hyper_2/saas/pages-profile-2.html]
[coderthemes.com/hyper_2/saas/assets/images/barcode.png]
[coderthemes.com/hyper_2/saas/pages-invoice.html]
[coderthemes.com/hyper_2/saas/pages-faq.html]
[coderthemes.com/hyper_2/saas/pages-pricing.html]
[coderthemes.com/hyper_2/saas/pages-maintenance.html]
[coderthemes.com/hyper_2/saas/pages-timeline.html]
[coderthemes.com/hyper_2/saas/assets/images/layouts/layout-1.png]
[coderthemes.com/hyper_2/saas/assets/images/layouts/layout-2.png]
[coderthemes.com/hyper_2/saas/assets/images/layouts/layout-3.png]
[coderthemes.com/hyper_2/saas/assets/images/layouts/layout-5.png]
[coderthemes.com/hyper_2/saas/assets/images/layouts/layout-6.png]
[coderthemes.com/hyper_2/saas/assets/images/layouts/layout-4.png]
[coderthemes.com/hyper_2/saas/landing.html]
[coderthemes.com/hyper_2/saas/assets/js/ui/component.chat.js]
[coderthemes.com/hyper_2/saas/assets/js/pages/demo.widgets.js]
[coderthemes.com/hyper_2/saas/widgets.html]
[coderthemes.com/hyper_2/saas/assets/vendor/clipboard/clipboard.min.js]
[coderthemes.com/hyper_2/saas/assets/vendor/highlightjs/highlight.pack.min.js]
[coderthemes.com/hyper_2/saas/assets/js/hyper-syntax.js]
[coderthemes.com/hyper_2/saas/ui-accordions.html]
[coderthemes.com/hyper_2/saas/ui-alerts.html]
[coderthemes.com/hyper_2/saas/ui-avatars.html]
[coderthemes.com/hyper_2/saas/ui-badges.html]
[coderthemes.com/hyper_2/saas/ui-breadcrumb.html]
[coderthemes.com/hyper_2/saas/ui-buttons.html]
[coderthemes.com/hyper_2/saas/ui-cards.html]
[coderthemes.com/hyper_2/saas/assets/images/small/small-5.jpg]
[coderthemes.com/hyper_2/saas/assets/images/small/small-6.jpg]
[coderthemes.com/hyper_2/saas/assets/images/small/small-7.jpg]
[coderthemes.com/hyper_2/saas/ui-carousel.html]
[coderthemes.com/hyper_2/saas/ui-dropdowns.html]
[coderthemes.com/hyper_2/saas/ui-embed-video.html]
[coderthemes.com/hyper_2/saas/ui-grid.html]
[coderthemes.com/hyper_2/saas/ui-list-group.html]
[coderthemes.com/hyper_2/saas/ui-modals.html]
[coderthemes.com/hyper_2/saas/assets/vendor/jquery-toast-plugin/jquery.toast.min.css]
[coderthemes.com/hyper_2/saas/assets/vendor/jquery-toast-plugin/jquery.toast.min.js]
[coderthemes.com/hyper_2/saas/assets/js/pages/demo.toastr.js]
[coderthemes.com/hyper_2/saas/ui-notifications.html]
[coderthemes.com/hyper_2/saas/ui-offcanvas.html]
[coderthemes.com/hyper_2/saas/ui-placeholders.html]
[coderthemes.com/hyper_2/saas/ui-pagination.html]
[coderthemes.com/hyper_2/saas/ui-popovers.html]
[coderthemes.com/hyper_2/saas/ui-progress.html]
[coderthemes.com/hyper_2/saas/ui-ribbons.html]
[coderthemes.com/hyper_2/saas/ui-spinners.html]
[coderthemes.com/hyper_2/saas/ui-tabs.html]
[coderthemes.com/hyper_2/saas/ui-tooltips.html]
[coderthemes.com/hyper_2/saas/ui-links.html]
[coderthemes.com/hyper_2/saas/ui-typography.html]
[coderthemes.com/hyper_2/saas/ui-utilities.html]
[coderthemes.com/hyper_2/saas/extended-dragula.html]
[coderthemes.com/hyper_2/saas/assets/vendor/ion-rangeslider/js/ion.rangeSlider.min.js]
[coderthemes.com/hyper_2/saas/assets/js/ui/component.range-slider.js]
[coderthemes.com/hyper_2/saas/extended-range-slider.html]
[coderthemes.com/hyper_2/saas/assets/vendor/jquery.rateit/scripts/jquery.rateit.min.js]
[coderthemes.com/hyper_2/saas/assets/js/ui/component.rating.js]
[coderthemes.com/hyper_2/saas/extended-ratings.html]
[coderthemes.com/hyper_2/saas/extended-scrollbar.html]
[coderthemes.com/hyper_2/saas/extended-scrollspy.html]
[coderthemes.com/hyper_2/saas/assets/vendor/jstree/themes/default/style.min.css]
[coderthemes.com/hyper_2/saas/assets/vendor/jstree/jstree.min.js]
[coderthemes.com/hyper_2/saas/assets/js/pages/demo.jstree.js]
[coderthemes.com/hyper_2/saas/extended-treeview.html]
[coderthemes.com/hyper_2/saas/form-elements.html]
[coderthemes.com/hyper_2/saas/assets/vendor/bootstrap-touchspin/jquery.bootstrap-touchspin.min.css]
[coderthemes.com/hyper_2/saas/assets/vendor/bootstrap-timepicker/css/bootstrap-timepicker.min.css]
[coderthemes.com/hyper_2/saas/assets/vendor/flatpickr/flatpickr.min.css]
[coderthemes.com/hyper_2/saas/assets/vendor/bootstrap-timepicker/js/bootstrap-timepicker.min.js]
[coderthemes.com/hyper_2/saas/assets/vendor/bootstrap-touchspin/jquery.bootstrap-touchspin.min.js]
[coderthemes.com/hyper_2/saas/assets/vendor/bootstrap-maxlength/bootstrap-maxlength.min.js]
[coderthemes.com/hyper_2/saas/assets/vendor/handlebars/handlebars.min.js]
[coderthemes.com/hyper_2/saas/assets/vendor/typeahead.js/typeahead.bundle.min.js]
[coderthemes.com/hyper_2/saas/assets/vendor/flatpickr/flatpickr.min.js]
[coderthemes.com/hyper_2/saas/assets/js/pages/demo.typehead.js]
[coderthemes.com/hyper_2/saas/assets/js/pages/demo.timepicker.js]
[coderthemes.com/hyper_2/saas/form-advanced.html]
[coderthemes.com/hyper_2/saas/form-validation.html]
[coderthemes.com/hyper_2/saas/assets/vendor/twitter-bootstrap-wizard/jquery.bootstrap.wizard.min.js]
[coderthemes.com/hyper_2/saas/assets/js/pages/demo.form-wizard.js]
[coderthemes.com/hyper_2/saas/form-wizard.html]
[coderthemes.com/hyper_2/saas/form-fileuploads.html]
[coderthemes.com/hyper_2/saas/assets/js/pages/demo.quilljs.js]
[coderthemes.com/hyper_2/saas/assets/vendor/quill/quill.js]
[coderthemes.com/hyper_2/saas/assets/js/pages/demo.simplemde.js]
[coderthemes.com/hyper_2/saas/form-editors.html]
[coderthemes.com/hyper_2/saas/assets/js/pages/demo.chartjs-area.js]
[coderthemes.com/hyper_2/saas/charts-chartjs-area.html]
[coderthemes.com/hyper_2/saas/assets/vendor/britecharts/css/britecharts.min.css]
[coderthemes.com/hyper_2/saas/assets/vendor/d3/d3.min.js]
[coderthemes.com/hyper_2/saas/assets/js/pages/demo.britechart.js]
[coderthemes.com/hyper_2/saas/charts-brite.html]
[coderthemes.com/hyper_2/saas/assets/js/pages/demo.apex-line.js]
[coderthemes.com/hyper_2/saas/charts-apex-line.html]
[coderthemes.com/hyper_2/saas/assets/vendor/jquery-sparkline/jquery.sparkline.min.js]
[coderthemes.com/hyper_2/saas/assets/js/pages/demo.sparkline.js]
[coderthemes.com/hyper_2/saas/charts-sparkline.html]
[coderthemes.com/hyper_2/saas/tables-basic.html]
[coderthemes.com/hyper_2/saas/assets/vendor/datatables.net-fixedcolumns-bs5/css/fixedColumns.bootstrap5.min.css]
[coderthemes.com/hyper_2/saas/assets/vendor/datatables.net-fixedheader-bs5/css/fixedHeader.bootstrap5.min.css]
[coderthemes.com/hyper_2/saas/assets/vendor/datatables.net-buttons-bs5/css/buttons.bootstrap5.min.css]
[coderthemes.com/hyper_2/saas/assets/vendor/datatables.net-select-bs5/css/select.bootstrap5.min.css]
[coderthemes.com/hyper_2/saas/assets/vendor/datatables.net-fixedcolumns-bs5/js/fixedColumns.bootstrap5.min.js]
[coderthemes.com/hyper_2/saas/assets/vendor/datatables.net-fixedheader/js/dataTables.fixedHeader.min.js]
[coderthemes.com/hyper_2/saas/assets/vendor/datatables.net-buttons/js/dataTables.buttons.min.js]
[coderthemes.com/hyper_2/saas/assets/vendor/datatables.net-buttons-bs5/js/buttons.bootstrap5.min.js]
[coderthemes.com/hyper_2/saas/assets/vendor/datatables.net-buttons/js/buttons.html5.min.js]
[coderthemes.com/hyper_2/saas/assets/vendor/datatables.net-buttons/js/buttons.flash.min.js]
[coderthemes.com/hyper_2/saas/assets/vendor/datatables.net-buttons/js/buttons.print.min.js]
[coderthemes.com/hyper_2/saas/assets/vendor/datatables.net-keytable/js/dataTables.keyTable.min.js]
[coderthemes.com/hyper_2/saas/assets/vendor/datatables.net-select/js/dataTables.select.min.js]
[coderthemes.com/hyper_2/saas/assets/js/pages/demo.datatable-init.js]
[coderthemes.com/hyper_2/saas/tables-datatable.html]
[coderthemes.com/hyper_2/saas/icons-remixicons.html]
[coderthemes.com/hyper_2/saas/assets/js/pages/demo.remixicons.js]
[coderthemes.com/hyper_2/saas/icons-mdi.html]
[coderthemes.com/hyper_2/saas/icons-unicons.html]
[coderthemes.com/hyper_2/saas/assets/js/pages/demo.materialdesignicons.js]
[coderthemes.com/hyper_2/saas/assets/js/pages/demo.lucideicons.js]
[coderthemes.com/hyper_2/saas/icons-lucide.html]
[coderthemes.com/hyper_2/saas/assets/vendor/gmaps/gmaps.min.js]
[coderthemes.com/hyper_2/saas/assets/js/pages/demo.google-maps.js]
[coderthemes.com/hyper_2/saas/maps-google.html]
[coderthemes.com/hyper_2/saas/assets/js/maps/in-mill-en.js]
[coderthemes.com/hyper_2/saas/assets/js/maps/canada.js]
[coderthemes.com/hyper_2/saas/assets/js/maps/iraq.js]
[coderthemes.com/hyper_2/saas/assets/js/maps/russia.js]
[coderthemes.com/hyper_2/saas/assets/js/maps/spain.js]
[coderthemes.com/hyper_2/saas/assets/js/maps/us-aea-en.js]
[coderthemes.com/hyper_2/saas/assets/js/maps/us-lcc-en.js]
[coderthemes.com/hyper_2/saas/assets/js/pages/demo.vector-maps.js]
[coderthemes.com/hyper_2/saas/maps-vector.html]
[coderthemes.com/hyper_2/saas/layouts-detached.html]
[coderthemes.com/hyper_2/saas/layouts-full.html]
[coderthemes.com/hyper_2/saas/layouts-fullscreen.html]
[coderthemes.com/hyper_2/saas/layouts-hover.html]
[coderthemes.com/hyper_2/saas/layouts-compact.html]
[coderthemes.com/hyper_2/saas/layouts-icon-view.html]
[coderthemes.com/hyper_2/saas/assets/js/maps/us-mill-en.js]
[coderthemes.com/hyper_2/saas/assets/fonts/Nunito-Light.svg]
[coderthemes.com/hyper_2/saas/assets/fonts/Nunito-Regular.svg]
[coderthemes.com/hyper_2/saas/assets/fonts/Nunito-Medium.svg]
[coderthemes.com/hyper_2/saas/assets/fonts/Nunito-SemiBold.svg]
[coderthemes.com/hyper_2/saas/assets/fonts/Nunito-Bold.svg]
[coderthemes.com/hyper_2/saas/assets/fontsunicons8adf.html]
[coderthemes.com/hyper_2/saas/assets/fonts/unicons8adf.svg]
[coderthemes.com/hyper_2/saas/assets/fonts/remixicon117c.svg]
[coderthemes.com/hyper_2/saas/assets/js/pages/demo.apex-area.js]
[coderthemes.com/hyper_2/saas/charts-apex-area.html]
[coderthemes.com/hyper_2/saas/assets/js/pages/demo.apex-bar.js]
[coderthemes.com/hyper_2/saas/charts-apex-bar.html]
[coderthemes.com/hyper_2/saas/assets/js/pages/demo.apex-bubble.js]
[coderthemes.com/hyper_2/saas/charts-apex-bubble.html]
[apexcharts.com/samples/assets/ohlc.js]
[cdnjs.cloudflare.com/ajax/libs/dayjs/1.8.17/dayjs.min.js]
[coderthemes.com/hyper_2/saas/assets/js/pages/demo.apex-candlestick.js]
[coderthemes.com/hyper_2/saas/charts-apex-candlestick.html]
[cdnjs.cloudflare.com/ajax/libs/dayjs/1.11.0/dayjs.min.js]
[cdnjs.cloudflare.com/ajax/libs/dayjs/1.11.0/plugin/quarterOfYear.min.js]
[coderthemes.com/hyper_2/saas/assets/js/pages/demo.apex-column.js]
[coderthemes.com/hyper_2/saas/charts-apex-column.html]
[coderthemes.com/hyper_2/saas/assets/js/pages/demo.apex-heatmap.js]
[coderthemes.com/hyper_2/saas/charts-apex-heatmap.html]
[coderthemes.com/hyper_2/saas/assets/js/pages/demo.apex-mixed.js]
[coderthemes.com/hyper_2/saas/charts-apex-mixed.html]
[coderthemes.com/hyper_2/saas/assets/js/pages/demo.apex-timeline.js]
[coderthemes.com/hyper_2/saas/charts-apex-timeline.html]
[coderthemes.com/hyper_2/saas/assets/js/pages/demo.apex-boxplot.js]
[coderthemes.com/hyper_2/saas/charts-apex-boxplot.html]
[coderthemes.com/hyper_2/saas/assets/js/pages/demo.apex-treemap.js]
[coderthemes.com/hyper_2/saas/charts-apex-treemap.html]
[coderthemes.com/hyper_2/saas/assets/js/pages/demo.apex-pie.js]
[coderthemes.com/hyper_2/saas/charts-apex-pie.html]
[coderthemes.com/hyper_2/saas/assets/js/pages/demo.apex-radar.js]
[coderthemes.com/hyper_2/saas/charts-apex-radar.html]
[coderthemes.com/hyper_2/saas/assets/js/pages/demo.apex-radialbar.js]
[coderthemes.com/hyper_2/saas/charts-apex-radialbar.html]
[coderthemes.com/hyper_2/saas/assets/js/pages/demo.apex-scatter.js]
[coderthemes.com/hyper_2/saas/charts-apex-scatter.html]
[coderthemes.com/hyper_2/saas/assets/js/pages/demo.apex-polar-area.js]
[coderthemes.com/hyper_2/saas/charts-apex-polar-area.html]
[coderthemes.com/hyper_2/saas/assets/js/pages/demo.apex-sparklines.js]
[coderthemes.com/hyper_2/saas/charts-apex-sparklines.html]
[coderthemes.com/hyper_2/saas/assets/js/pages/demo.chartjs-bar.js]
[coderthemes.com/hyper_2/saas/charts-chartjs-bar.html]
[coderthemes.com/hyper_2/saas/assets/js/pages/demo.chartjs-line.js]
[coderthemes.com/hyper_2/saas/charts-chartjs-line.html]
[coderthemes.com/hyper_2/saas/assets/js/pages/demo.chartjs-other.js]
[coderthemes.com/hyper_2/saas/charts-chartjs-other.html]
[coderthemes.com/hyper_2/saas/assets/images/svg/help-icon.svg]
[coderthemes.com/hyper_2/saas/assets/images/svg/email-campaign.svg]
[coderthemes.com/hyper_2/saas/assets/vendor/bootstrap-datepicker/css/bootstrap-datepicker.min.css]
[apexcharts.com/samples/assets/series1000.js]
[coderthemes.com/hyper_2/saas/assets/vendor/select2/css/select2.min.css]
[coderthemes.com/hyper_2/saas/assets/vendor/datatables.net-bs5/css/dataTables.bootstrap5.min.css]
[coderthemes.com/hyper_2/saas/assets/vendor/datatables.net-responsive-bs5/css/responsive.bootstrap5.min.css]
[coderthemes.com/hyper_2/saas/assets/vendor/simplemde/simplemde.min.css]
[coderthemes.com/hyper_2/saas/assets/vendor/frappe-gantt/frappe-gantt.min.css]
[coderthemes.com/hyper_2/saas/assets/vendor/quill/quill.core.css]
[coderthemes.com/hyper_2/saas/assets/vendor/quill/quill.bubble.css]
[coderthemes.com/hyper_2/saas/assets/vendor/quill/quill.snow.css]
[coderthemes.com/hyper_2/saas/assets/vendor/quill/quill.min.html]
[coderthemes.com/hyper_2/saas/assets/images/svg/mail_sent.svg]
[coderthemes.com/hyper_2/saas/assets/images/svg/file-searching.svg]
[coderthemes.com/hyper_2/saas/assets/images/svg/startman.svg]
[coderthemes.com/hyper_2/saas/assets/images/svg/maintenance.svg]
[coderthemes.com/hyper_2/saas/assets/images/svg/startup.svg]
[coderthemes.com/hyper_2/saas/assets/images/svg/features-1.svg]
[coderthemes.com/hyper_2/saas/assets/images/svg/features-2.svg]
[coderthemes.com/hyper_2/saas/assets/images/svg/report.svg]
[coderthemes.com/hyper_2/saas/assets/vendor/jquery-toast-plugin/jquery.toast.min.css]
[coderthemes.com/hyper_2/saas/assets/vendor/jstree/themes/default/32px.png]
[coderthemes.com/hyper_2/saas/assets/vendor/jstree/themes/default/throbber.gif]
[coderthemes.com/hyper_2/saas/assets/vendor/jstree/themes/default/40px.png]
[coderthemes.com/hyper_2/saas/assets/vendor/jstree/themes/default/style.min.css]
[coderthemes.com/hyper_2/saas/assets/vendor/bootstrap-touchspin/jquery.bootstrap-touchspin.min.css]
[coderthemes.com/hyper_2/saas/assets/vendor/bootstrap-timepicker/css/bootstrap-timepicker.min.css]
[coderthemes.com/hyper_2/saas/assets/vendor/flatpickr/flatpickr.min.css]
[coderthemes.com/hyper_2/saas/assets/vendor/britecharts/css/britecharts.min.css]
[coderthemes.com/hyper_2/saas/assets/vendor/britecharts/bundled/britecharts.min.html]
[coderthemes.com/hyper_2/saas/assets/vendor/datatables.net-fixedcolumns-bs5/css/fixedColumns.bootstrap5.min.css]
[coderthemes.com/hyper_2/saas/assets/vendor/datatables.net-fixedheader-bs5/css/fixedHeader.bootstrap5.min.css]
[coderthemes.com/hyper_2/saas/assets/vendor/datatables.net-buttons-bs5/css/buttons.bootstrap5.min.css]
[coderthemes.com/hyper_2/saas/assets/vendor/datatables.net-select-bs5/css/select.bootstrap5.min.css]
[coderthemes.com/hyper_2/saas/assets/fonts/uni030C.alt.html]
[coderthemes.com/hyper_2/saas/assets/fonts/uni0335.html]
[coderthemes.com/hyper_2/saas/assets/vendor/moment/min/moment.min.html]
